<?xml version="1.0" encoding="UTF-8"?>
<testng-results ignored="0" total="1" passed="1" failed="0" skipped="0">
  <reporter-output>
  </reporter-output>
  <suite started-at="2022-01-24T23:37:11 AEDT" name="Default suite" finished-at="2022-01-24T23:37:53 AEDT" duration-ms="42871">
    <groups>
    </groups>
    <test started-at="2022-01-24T23:37:11 AEDT" name="Default test" finished-at="2022-01-24T23:37:53 AEDT" duration-ms="42871">
      <class name="automation.TC_12_GeneratereportsonEmployeetype">
        <test-method is-config="true" signature="open()[pri:0, instance:automation.TC_12_GeneratereportsonEmployeetype@5824a83d]" started-at="2022-01-24T23:37:11 AEDT" name="open" finished-at="2022-01-24T23:37:21 AEDT" duration-ms="10866" status="PASS">
          <reporter-output>
          </reporter-output>
        </test-method> <!-- open -->
        <test-method signature="generateReportsOnEmployeetype(java.lang.String,java.lang.String,java.lang.String,java.lang.String,java.lang.String)[pri:7, instance:automation.TC_12_GeneratereportsonEmployeetype@5824a83d]" started-at="2022-01-24T23:37:26 AEDT" name="generateReportsOnEmployeetype" data-provider="reportsonemployeetype" finished-at="2022-01-24T23:37:50 AEDT" duration-ms="23898" status="PASS">
          <params>
            <param index="0">
              <value>
                <![CDATA[Admin]]>
              </value>
            </param>
            <param index="1">
              <value>
                <![CDATA[admin123]]>
              </value>
            </param>
            <param index="2">
              <value>
                <![CDATA[Employee]]>
              </value>
            </param>
            <param index="3">
              <value>
                <![CDATA[Paul Collings]]>
              </value>
            </param>
            <param index="4">
              <value>
                <![CDATA[2022-01-01 - 2022-12-31]]>
              </value>
            </param>
          </params>
          <reporter-output>
          </reporter-output>
        </test-method> <!-- generateReportsOnEmployeetype -->
        <test-method is-config="true" signature="close()[pri:0, instance:automation.TC_12_GeneratereportsonEmployeetype@5824a83d]" started-at="2022-01-24T23:37:50 AEDT" name="close" finished-at="2022-01-24T23:37:53 AEDT" duration-ms="3873" status="PASS">
          <reporter-output>
          </reporter-output>
        </test-method> <!-- close -->
      </class> <!-- automation.TC_12_GeneratereportsonEmployeetype -->
    </test> <!-- Default test -->
  </suite> <!-- Default suite -->
</testng-results>
